Using pre-set license
Built from '2020.3/staging' branch; Version is '2020.3.28f1 (f5400f52e03f) revision 16072719'; Using compiler version '192528614'; Build Type 'Release'
OS: 'Windows 10  (10.0.19043) 64bit Core' Language: 'en' Physical Memory: 16161 MB
BatchMode: 1, IsHumanControllingUs: 0, StartBugReporterOnCrash: 0, Is64bit: 1, IsPro: 0

COMMAND LINE ARGUMENTS:
D:\UNITY EDITOR\2020.3.28f1\Editor\Unity.exe
-adb2
-batchMode
-noUpm
-name
AssetImportWorker0
-projectPath
D:/GimmeTheLute1/GTL1
-logFile
Logs/AssetImportWorker0.log
-srvPort
65247
Successfully changed project path to: D:/GimmeTheLute1/GTL1
D:/GimmeTheLute1/GTL1
Using Asset Import Pipeline V2.
Refreshing native plugins compatible for Editor in 42.48 ms, found 3 plugins.
Preloading 0 native plugins for Editor in 0.00 ms.
Initialize engine version: 2020.3.28f1 (f5400f52e03f)
[Subsystems] Discovering subsystems at path D:/UNITY EDITOR/2020.3.28f1/Editor/Data/Resources/UnitySubsystems
[Subsystems] Discovering subsystems at path D:/GimmeTheLute1/GTL1/Assets
GfxDevice: creating device client; threaded=0
Direct3D:
    Version:  Direct3D 11.0 [level 11.1]
    Renderer: NVIDIA GeForce GTX 1050 with Max-Q Design (ID=0x1c92)
    Vendor:   
    VRAM:     4021 MB
    Driver:   30.0.14.7141
Initialize mono
Mono path[0] = 'D:/UNITY EDITOR/2020.3.28f1/Editor/Data/Managed'
Mono path[1] = 'D:/UNITY EDITOR/2020.3.28f1/Editor/Data/MonoBleedingEdge/lib/mono/unityjit'
Mono config path = 'D:/UNITY EDITOR/2020.3.28f1/Editor/Data/MonoBleedingEdge/etc'
Using monoOptions --debugger-agent=transport=dt_socket,embedding=1,server=y,suspend=n,address=127.0.0.1:56832
Begin MonoManager ReloadAssembly
Registering precompiled unity dll's ...
Register platform support module: D:/UNITY EDITOR/2020.3.28f1/Editor/Data/PlaybackEngines/WebGLSupport/UnityEditor.WebGL.Extensions.dll
Register platform support module: D:/UNITY EDITOR/2020.3.28f1/Editor/Data/PlaybackEngines/WindowsStandaloneSupport/UnityEditor.WindowsStandalone.Extensions.dll
Registered in 0.004752 seconds.
Native extension for WindowsStandalone target not found
Native extension for WebGL target not found
Refreshing native plugins compatible for Editor in 39.09 ms, found 3 plugins.
Preloading 0 native plugins for Editor in 0.00 ms.
Mono: successfully reloaded assembly
- Completed reload, in  0.567 seconds
Domain Reload Profiling:
	ReloadAssembly (568ms)
		BeginReloadAssembly (103ms)
			ExecutionOrderSort (0ms)
			DisableScriptedObjects (0ms)
			BackupInstance (0ms)
			ReleaseScriptingObjects (0ms)
			CreateAndSetChildDomain (1ms)
		EndReloadAssembly (396ms)
			LoadAssemblies (103ms)
			RebuildTransferFunctionScriptingTraits (0ms)
			SetupTypeCache (131ms)
			ReleaseScriptCaches (0ms)
			RebuildScriptCaches (28ms)
			SetupLoadedEditorAssemblies (151ms)
				LogAssemblyErrors (0ms)
				InitializePlatformSupportModulesInManaged (5ms)
				SetLoadedEditorAssemblies (0ms)
				RefreshPlugins (39ms)
				BeforeProcessingInitializeOnLoad (14ms)
				ProcessInitializeOnLoadAttributes (70ms)
				ProcessInitializeOnLoadMethodAttributes (22ms)
				AfterProcessingInitializeOnLoad (0ms)
				EditorAssembliesLoaded (0ms)
			ExecutionOrderSort2 (0ms)
			AwakeInstancesAfterBackupRestoration (0ms)
Platform modules already initialized, skipping
Registering precompiled user dll's ...
Registered in 0.003251 seconds.
Begin MonoManager ReloadAssembly
Native extension for WindowsStandalone target not found
Native extension for WebGL target not found
Refreshing native plugins compatible for Editor in 39.64 ms, found 3 plugins.
Preloading 0 native plugins for Editor in 0.00 ms.
Mono: successfully reloaded assembly
- Completed reload, in  1.017 seconds
Domain Reload Profiling:
	ReloadAssembly (1018ms)
		BeginReloadAssembly (171ms)
			ExecutionOrderSort (0ms)
			DisableScriptedObjects (4ms)
			BackupInstance (0ms)
			ReleaseScriptingObjects (0ms)
			CreateAndSetChildDomain (17ms)
		EndReloadAssembly (793ms)
			LoadAssemblies (136ms)
			RebuildTransferFunctionScriptingTraits (0ms)
			SetupTypeCache (256ms)
			ReleaseScriptCaches (0ms)
			RebuildScriptCaches (41ms)
			SetupLoadedEditorAssemblies (310ms)
				LogAssemblyErrors (0ms)
				InitializePlatformSupportModulesInManaged (5ms)
				SetLoadedEditorAssemblies (0ms)
				RefreshPlugins (40ms)
				BeforeProcessingInitializeOnLoad (90ms)
				ProcessInitializeOnLoadAttributes (155ms)
				ProcessInitializeOnLoadMethodAttributes (13ms)
				AfterProcessingInitializeOnLoad (8ms)
				EditorAssembliesLoaded (0ms)
			ExecutionOrderSort2 (0ms)
			AwakeInstancesAfterBackupRestoration (5ms)
Platform modules already initialized, skipping
========================================================================
Worker process is ready to serve import requests
Launched and connected shader compiler UnityShaderCompiler.exe after 0.05 seconds
Refreshing native plugins compatible for Editor in 0.54 ms, found 3 plugins.
Preloading 0 native plugins for Editor in 0.00 ms.
Unloading 2203 Unused Serialized files (Serialized files now loaded: 0)
System memory in use before: 96.6 MB.
System memory in use after: 96.5 MB.

Unloading 38 unused Assets to reduce memory usage. Loaded Objects now: 2655.
Total: 2.806000 ms (FindLiveObjects: 0.182200 ms CreateObjectMapping: 0.100900 ms MarkObjects: 2.387800 ms  DeleteObjects: 0.134400 ms)

AssetImportParameters requested are different than current active one (requested -> active):
  custom:framework-win-MediaFoundation: 216162199b28c13a410421893ffa2e32 -> 
  custom:video-decoder-ogg-theora: a1e56fd34408186e4bbccfd4996cb3dc -> 
  custom:container-muxer-webm: aa71ff27fc2769a1b78a27578f13a17b -> 
  custom:container-demuxer-webm: 4f35f7cbe854078d1ac9338744f61a02 -> 
  custom:container-demuxer-ogg: 62fdf1f143b41e24485cea50d1cbac27 -> 
  custom:video-encoder-webm-vp8: eb34c28f22e8b96e1ab97ce403110664 -> 
  custom:video-decoder-webm-vp8: 9c59270c3fd7afecdb556c50c9e8de78 -> 
  custom:audio-decoder-ogg-vorbis: bf7c407c2cedff20999df2af8eb42d56 -> 
  custom:audio-encoder-webm-vorbis: bf7c407c2cedff20999df2af8eb42d56 -> 
========================================================================
Received Import Request.
  path: Assets/Level1Koreo/Level1KoreoMidi.asset
  artifactKey: Guid(dbac8d224b346da4fa1b40e9a80361ec) Importer(815301076,1909f56bfc062723c751e8b465ee728b)
Start importing Assets/Level1Koreo/Level1KoreoMidi.asset using Guid(dbac8d224b346da4fa1b40e9a80361ec) Importer(815301076,1909f56bfc062723c751e8b465ee728b)  -> (artifact id: '3e348a2b5ec84a4d31f7df866c229a15') in 0.050591 seconds 
  Import took 0.053532 seconds .

========================================================================
Received Import Request.
  Time since last request: 154.618853 seconds.
  path: Assets/Level1Koreo/LEVEL1KOREO(SHORTENED)MASTER.asset
  artifactKey: Guid(5920cb136c568854b8a7c5b0ad075d17) Importer(815301076,1909f56bfc062723c751e8b465ee728b)
Start importing Assets/Level1Koreo/LEVEL1KOREO(SHORTENED)MASTER.asset using Guid(5920cb136c568854b8a7c5b0ad075d17) Importer(815301076,1909f56bfc062723c751e8b465ee728b)  -> (artifact id: '915ef2d1f2c9e0f35cf520885c865353') in 0.011674 seconds 
  Import took 0.015407 seconds .

========================================================================
Received Import Request.
  Time since last request: 40.575119 seconds.
  path: Assets/Audio/LEVEL1/LEVEL1MASTER(SHORTENED).wav
  artifactKey: Guid(b3c30ea4838b8234ab5064d2f138356e) Importer(815301076,1909f56bfc062723c751e8b465ee728b)
Start importing Assets/Audio/LEVEL1/LEVEL1MASTER(SHORTENED).wav using Guid(b3c30ea4838b8234ab5064d2f138356e) Importer(815301076,1909f56bfc062723c751e8b465ee728b)  -> (artifact id: 'f1c4a781eeb9d9109807affe9de8a621') in 0.119320 seconds 
  Import took 0.122548 seconds .

========================================================================
Received Import Request.
  Time since last request: 76.812715 seconds.
  path: Assets/Level1Koreo/LEVEL1KOREO(SHORTENED)MASTER.asset
  artifactKey: Guid(5920cb136c568854b8a7c5b0ad075d17) Importer(815301076,1909f56bfc062723c751e8b465ee728b)
Start importing Assets/Level1Koreo/LEVEL1KOREO(SHORTENED)MASTER.asset using Guid(5920cb136c568854b8a7c5b0ad075d17) Importer(815301076,1909f56bfc062723c751e8b465ee728b)  -> (artifact id: '865a9a5d4cc93711b89ab388ab88b55e') in 0.005870 seconds 
  Import took 0.009180 seconds .

========================================================================
Received Import Request.
  Time since last request: 244.085925 seconds.
  path: Assets/Audio/LEVEL1/MIDI
  artifactKey: Guid(b2e102cc280e4e8498e61b8fdc8ae379) Importer(815301076,1909f56bfc062723c751e8b465ee728b)
Start importing Assets/Audio/LEVEL1/MIDI using Guid(b2e102cc280e4e8498e61b8fdc8ae379) Importer(815301076,1909f56bfc062723c751e8b465ee728b)  -> (artifact id: '06d581d84c6f434ff7584c0d3ebc7e23') in 0.011589 seconds 
  Import took 0.015975 seconds .

========================================================================
Received Import Request.
  Time since last request: 4.053024 seconds.
  path: Assets/Audio/LEVEL1/MIDI/LEVEL1LUTEMIDI.mid
  artifactKey: Guid(7a77008b86f2db3458ad0cc4c9f786a6) Importer(815301076,1909f56bfc062723c751e8b465ee728b)
Start importing Assets/Audio/LEVEL1/MIDI/LEVEL1LUTEMIDI.mid using Guid(7a77008b86f2db3458ad0cc4c9f786a6) Importer(815301076,1909f56bfc062723c751e8b465ee728b)  -> (artifact id: '3840f9992bf82208054c147fc9aef338') in 0.010836 seconds 
  Import took 0.014778 seconds .

AssetImportWorkerClient::OnTransportError - code=2 error=End of file
